optuna.study.study - INFO - Trial 72 finished with value: 1.093058624999133 and parameters: {'learning_rate': 0.021359995533047578, 'max_depth': 4, 'n_estimators': 111, 'min_child_samples': 21, 'min_child_weight': 0.0028955656404645374, 'subsample': 0.9913976546460922, 'colsample_bytree': 0.7647052596396231, 'reg_alpha': 0.36566586286590064, 'reg_lambda': 0.03366074646577548, 'max_bin': 129, 'num_leaves': 12, 'min_split_gain': 0.08653397926716981, 'subsample_freq': 10, 'max_delta_step': 0.35826411685409054, 'scale_pos_weight': 0.06118240161760206}. Best is trial 56 with value: 1.0812544122127712.
optuna.study.study - INFO - Trial 73 finished with value: 1.0827453295843248 and parameters: {'learning_rate': 0.01887886945932779, 'max_depth': 4, 'n_estimators': 123, 'min_child_samples': 21, 'min_child_weight': 0.011383192881719923, 'subsample': 0.9987421455935329, 'colsample_bytree': 0.7782497077481925, 'reg_alpha': 0.3781216187818544, 'reg_lambda': 0.036904710194837174, 'max_bin': 134, 'num_leaves': 12, 'min_split_gain': 0.08733173036881971, 'subsample_freq': 10, 'max_delta_step': 0.1337543835678185, 'scale_pos_weight': 0.06477221256241693}. Best is trial 56 with value: 1.0812544122127712.
optuna.study.study - INFO - Trial 76 finished with value: 1.0858862641127356 and parameters: {'learning_rate': 0.02157181589201017, 'max_depth': 4, 'n_estimators': 100, 'min_child_samples': 22, 'min_child_weight': 0.0021517385344050496, 'subsample': 0.7585896102791214, 'colsample_bytree': 0.7667253170249329, 'reg_alpha': 0.3645988979594406, 'reg_lambda': 0.035874918147340326, 'max_bin': 121, 'num_leaves': 12, 'min_split_gain': 0.0871540908705439, 'subsample_freq': 10, 'max_delta_step': 0.3579462027643534, 'scale_pos_weight': 0.05836379969715451}. Best is trial 56 with value: 1.0812544122127712.
optuna.study.study - INFO - Trial 54 finished with value: 1.0864828557128088 and parameters: {'learning_rate': 0.020340774662594974, 'max_depth': 5, 'n_estimators': 245, 'min_child_samples': 25, 'min_child_weight': 0.0034417271564311847, 'subsample': 0.731454313943165, 'colsample_bytree': 0.8110125582254859, 'reg_alpha': 0.37934567818546483, 'reg_lambda': 0.12460195129197403, 'max_bin': 152, 'num_leaves': 11, 'min_split_gain': 0.08899969799808723, 'subsample_freq': 2, 'max_delta_step': 0.243037202948596, 'scale_pos_weight': 0.09362131983311071}. Best is trial 56 with value: 1.0812544122127712.
optuna.study.study - INFO - Trial 82 finished with value: 1.0905798140827152 and parameters: {'learning_rate': 0.013540182943631147, 'max_depth': 4, 'n_estimators': 71, 'min_child_samples': 23, 'min_child_weight': 0.0026384796529302845, 'subsample': 0.9951590086669193, 'colsample_bytree': 0.8352130641288019, 'reg_alpha': 0.3736195440896028, 'reg_lambda': 0.03770771624748965, 'max_bin': 188, 'num_leaves': 13, 'min_split_gain': 0.07663067766181593, 'subsample_freq': 9, 'max_delta_step': 0.3595054570137167, 'scale_pos_weight': 0.052396899980179115}. Best is trial 56 with value: 1.0812544122127712.
optuna.study.study - INFO - Trial 83 finished with value: 1.0902546183784891 and parameters: {'learning_rate': 0.012157832484707127, 'max_depth': 4, 'n_estimators': 75, 'min_child_samples': 23, 'min_child_weight': 0.019749284149587674, 'subsample': 0.9992552452616749, 'colsample_bytree': 0.8356798929252128, 'reg_alpha': 0.357688007484812, 'reg_lambda': 0.03812345208477127, 'max_bin': 185, 'num_leaves': 13, 'min_split_gain': 0.0851801845704334, 'subsample_freq': 9, 'max_delta_step': 0.3835208982799452, 'scale_pos_weight': 0.04854248689114036}. Best is trial 56 with value: 1.0812544122127712.
optuna.study.study - INFO - Trial 74 finished with value: 1.093459291147306 and parameters: {'learning_rate': 0.02252250234109575, 'max_depth': 4, 'n_estimators': 134, 'min_child_samples': 22, 'min_child_weight': 0.002615184837047745, 'subsample': 0.9954796796694999, 'colsample_bytree': 0.7664055416941085, 'reg_alpha': 0.3459872576612631, 'reg_lambda': 0.03183034298816928, 'max_bin': 123, 'num_leaves': 12, 'min_split_gain': 0.0875179660721788, 'subsample_freq': 10, 'max_delta_step': 0.36074961641466596, 'scale_pos_weight': 0.062456758211201814}. Best is trial 56 with value: 1.0812544122127712.
optuna.study.study - INFO - Trial 79 finished with value: 1.0943811585013268 and parameters: {'learning_rate': 0.012364480967432416, 'max_depth': 4, 'n_estimators': 100, 'min_child_samples': 20, 'min_child_weight': 0.001106962351300491, 'subsample': 0.9941973487612653, 'colsample_bytree': 0.8636861566383609, 'reg_alpha': 0.3571886414463564, 'reg_lambda': 0.03769813663701592, 'max_bin': 190, 'num_leaves': 12, 'min_split_gain': 0.08665369763653682, 'subsample_freq': 10, 'max_delta_step': 0.1343549403794887, 'scale_pos_weight': 0.0532990843615416}. Best is trial 56 with value: 1.0812544122127712.
optuna.study.study - INFO - Trial 86 finished with value: 1.0899270874632476 and parameters: {'learning_rate': 0.012480137813406358, 'max_depth': 4, 'n_estimators': 72, 'min_child_samples': 23, 'min_child_weight': 0.019957254249957524, 'subsample': 0.9977060041418788, 'colsample_bytree': 0.8263483430201318, 'reg_alpha': 0.34181984967129997, 'reg_lambda': 0.025462357550822153, 'max_bin': 187, 'num_leaves': 13, 'min_split_gain': 0.08017581874543536, 'subsample_freq': 9, 'max_delta_step': 0.38067076459861915, 'scale_pos_weight': 0.04518272160125459}. Best is trial 56 with value: 1.0812544122127712.
optuna.study.study - INFO - Trial 84 finished with value: 1.0899324024344805 and parameters: {'learning_rate': 0.012153952568399648, 'max_depth': 4, 'n_estimators': 75, 'min_child_samples': 23, 'min_child_weight': 0.0021388887099500083, 'subsample': 0.9976515997491154, 'colsample_bytree': 0.8351881901336816, 'reg_alpha': 0.3392816461988599, 'reg_lambda': 0.024061783412386722, 'max_bin': 189, 'num_leaves': 13, 'min_split_gain': 0.08562949525343766, 'subsample_freq': 9, 'max_delta_step': 0.37754874646705117, 'scale_pos_weight': 0.04932794174457581}. Best is trial 56 with value: 1.0812544122127712.
optuna.study.study - INFO - Trial 81 finished with value: 1.0872226446308664 and parameters: {'learning_rate': 0.012376161354426195, 'max_depth': 4, 'n_estimators': 95, 'min_child_samples': 23, 'min_child_weight': 0.002728826241881336, 'subsample': 0.9962488435495013, 'colsample_bytree': 0.8371420972644026, 'reg_alpha': 0.33749196982096175, 'reg_lambda': 0.02257837781465223, 'max_bin': 108, 'num_leaves': 13, 'min_split_gain': 0.0864968497144334, 'subsample_freq': 9, 'max_delta_step': 0.2731615249275089, 'scale_pos_weight': 0.05100083248510117}. Best is trial 56 with value: 1.0812544122127712.
optuna.study.study - INFO - Trial 78 finished with value: 1.0867096743514213 and parameters: {'learning_rate': 0.01205127756801034, 'max_depth': 4, 'n_estimators': 106, 'min_child_samples': 23, 'min_child_weight': 0.0011267432650071366, 'subsample': 0.9976775657224644, 'colsample_bytree': 0.8379751588124185, 'reg_alpha': 0.3538120573418164, 'reg_lambda': 0.040997744872598045, 'max_bin': 192, 'num_leaves': 13, 'min_split_gain': 0.08748889920732651, 'subsample_freq': 10, 'max_delta_step': 0.27933754573304437, 'scale_pos_weight': 0.05695875133941954}. Best is trial 56 with value: 1.0812544122127712.
optuna.study.study - INFO - Trial 77 finished with value: 1.0894438218799738 and parameters: {'learning_rate': 0.010299169662013127, 'max_depth': 4, 'n_estimators': 110, 'min_child_samples': 23, 'min_child_weight': 0.0010131054221846117, 'subsample': 0.9962044489586213, 'colsample_bytree': 0.7755606659412637, 'reg_alpha': 0.3404001512972717, 'reg_lambda': 0.036571182900033805, 'max_bin': 184, 'num_leaves': 13, 'min_split_gain': 0.08687811195235573, 'subsample_freq': 10, 'max_delta_step': 0.27470659102322187, 'scale_pos_weight': 0.060897319768831205}. Best is trial 56 with value: 1.0812544122127712.
optuna.study.study - INFO - Trial 80 finished with value: 1.0904861797026353 and parameters: {'learning_rate': 0.011951754118990512, 'max_depth': 4, 'n_estimators': 101, 'min_child_samples': 20, 'min_child_weight': 0.0028766108906923635, 'subsample': 0.9965689409767903, 'colsample_bytree': 0.8220204743976639, 'reg_alpha': 0.3507758718018384, 'reg_lambda': 0.03286065062043455, 'max_bin': 110, 'num_leaves': 12, 'min_split_gain': 0.0867114477451308, 'subsample_freq': 10, 'max_delta_step': 0.2816434784226683, 'scale_pos_weight': 0.059165743900883874}. Best is trial 56 with value: 1.0812544122127712.
optuna.study.study - INFO - Trial 88 finished with value: 1.0978061862630912 and parameters: {'learning_rate': 0.010400753265895695, 'max_depth': 4, 'n_estimators': 72, 'min_child_samples': 24, 'min_child_weight': 0.0021662101740492507, 'subsample': 0.7017066891838528, 'colsample_bytree': 0.8232246402362456, 'reg_alpha': 0.2867624714168684, 'reg_lambda': 0.19994387191252455, 'max_bin': 183, 'num_leaves': 13, 'min_split_gain': 0.0846178124599143, 'subsample_freq': 9, 'max_delta_step': 0.3750706904346651, 'scale_pos_weight': 0.03794423000508863}. Best is trial 56 with value: 1.0812544122127712.
optuna.study.study - INFO - Trial 89 finished with value: 1.095260758799264 and parameters: {'learning_rate': 0.010944170278262824, 'max_depth': 4, 'n_estimators': 69, 'min_child_samples': 24, 'min_child_weight': 0.0020989262485664674, 'subsample': 0.9345475863150627, 'colsample_bytree': 0.8308229904378299, 'reg_alpha': 0.30095875933359995, 'reg_lambda': 0.0264459780665644, 'max_bin': 180, 'num_leaves': 13, 'min_split_gain': 0.08436352659492612, 'subsample_freq': 9, 'max_delta_step': 0.2673242773138317, 'scale_pos_weight': 0.04553964175417307}. Best is trial 56 with value: 1.0812544122127712.
optuna.study.study - INFO - Trial 85 finished with value: 1.0915597228857887 and parameters: {'learning_rate': 0.01048307378521437, 'max_depth': 4, 'n_estimators': 97, 'min_child_samples': 23, 'min_child_weight': 0.019852707228158586, 'subsample': 0.9960601262759752, 'colsample_bytree': 0.8428307232535686, 'reg_alpha': 0.34641496793105114, 'reg_lambda': 0.02761562201549878, 'max_bin': 192, 'num_leaves': 13, 'min_split_gain': 0.08520295147686167, 'subsample_freq': 9, 'max_delta_step': 0.38241787364256286, 'scale_pos_weight': 0.04717243870808621}. Best is trial 56 with value: 1.0812544122127712.
optuna.study.study - INFO - Trial 91 finished with value: 1.097214332017312 and parameters: {'learning_rate': 0.011722788253784137, 'max_depth': 4, 'n_estimators': 75, 'min_child_samples': 24, 'min_child_weight': 0.00223071151528232, 'subsample': 0.7080261951130038, 'colsample_bytree': 0.8297691481157256, 'reg_alpha': 0.30815435283009757, 'reg_lambda': 0.023270570576814597, 'max_bin': 181, 'num_leaves': 13, 'min_split_gain': 0.08432230529253684, 'subsample_freq': 9, 'max_delta_step': 0.2789830326784901, 'scale_pos_weight': 0.04589354842365983}. Best is trial 56 with value: 1.0812544122127712.
optuna.study.study - INFO - Trial 87 finished with value: 1.0880392588003045 and parameters: {'learning_rate': 0.010847191660848026, 'max_depth': 4, 'n_estimators': 97, 'min_child_samples': 23, 'min_child_weight': 0.002170877766028364, 'subsample': 0.9976987740939589, 'colsample_bytree': 0.8260943680028677, 'reg_alpha': 0.3447895439680358, 'reg_lambda': 0.024217040768168, 'max_bin': 180, 'num_leaves': 13, 'min_split_gain': 0.08541348996722188, 'subsample_freq': 9, 'max_delta_step': 0.36872486928624437, 'scale_pos_weight': 0.04334062734575651}. Best is trial 56 with value: 1.0812544122127712.
optuna.study.study - INFO - Trial 92 finished with value: 1.0904177827007218 and parameters: {'learning_rate': 0.01619362903800004, 'max_depth': 4, 'n_estimators': 72, 'min_child_samples': 24, 'min_child_weight': 0.0020104993909862787, 'subsample': 0.9356807044981954, 'colsample_bytree': 0.8376216566429999, 'reg_alpha': 0.2978593512912158, 'reg_lambda': 0.026829437370658345, 'max_bin': 185, 'num_leaves': 13, 'min_split_gain': 0.07985256943831948, 'subsample_freq': 9, 'max_delta_step': 0.2833181262444083, 'scale_pos_weight': 0.045723830684475546}. Best is trial 56 with value: 1.0812544122127712.
optuna.study.study - INFO - Trial 94 finished with value: 1.093783283851248 and parameters: {'learning_rate': 0.011489171038667, 'max_depth': 4, 'n_estimators': 73, 'min_child_samples': 24, 'min_child_weight': 0.018787933886458573, 'subsample': 0.9407933826677913, 'colsample_bytree': 0.8240657862465209, 'reg_alpha': 0.2891450563636617, 'reg_lambda': 0.028741603130101896, 'max_bin': 185, 'num_leaves': 13, 'min_split_gain': 0.07986846276013747, 'subsample_freq': 9, 'max_delta_step': 0.27291893131128975, 'scale_pos_weight': 0.0726385647256339}. Best is trial 56 with value: 1.0812544122127712.
optuna.study.study - INFO - Trial 90 finished with value: 1.0928108248400121 and parameters: {'learning_rate': 0.011430213419280364, 'max_depth': 4, 'n_estimators': 96, 'min_child_samples': 24, 'min_child_weight': 0.0022875448011937583, 'subsample': 0.9391342698490489, 'colsample_bytree': 0.8257642739744341, 'reg_alpha': 0.2961276602189276, 'reg_lambda': 0.02846061125303647, 'max_bin': 196, 'num_leaves': 13, 'min_split_gain': 0.08060300620784983, 'subsample_freq': 9, 'max_delta_step': 0.3553654605774119, 'scale_pos_weight': 0.04929638140906762}. Best is trial 56 with value: 1.0812544122127712.
optuna.study.study - INFO - Trial 95 finished with value: 1.0901383124573263 and parameters: {'learning_rate': 0.016239659825587244, 'max_depth': 4, 'n_estimators': 72, 'min_child_samples': 24, 'min_child_weight': 0.020005729658312495, 'subsample': 0.9363723297006857, 'colsample_bytree': 0.8638781574553769, 'reg_alpha': 0.30038876601260484, 'reg_lambda': 0.027399667032526224, 'max_bin': 185, 'num_leaves': 13, 'min_split_gain': 0.08098837144970668, 'subsample_freq': 9, 'max_delta_step': 0.2701172054175246, 'scale_pos_weight': 0.04680106981629069}. Best is trial 56 with value: 1.0812544122127712.
optuna.study.study - INFO - Trial 93 finished with value: 1.0896897632027043 and parameters: {'learning_rate': 0.011015440302585652, 'max_depth': 4, 'n_estimators': 95, 'min_child_samples': 24, 'min_child_weight': 0.0020387266344286323, 'subsample': 0.9416334668054542, 'colsample_bytree': 0.8385839059186693, 'reg_alpha': 0.2586130870804574, 'reg_lambda': 0.0379265335907947, 'max_bin': 181, 'num_leaves': 13, 'min_split_gain': 0.08004962034459166, 'subsample_freq': 9, 'max_delta_step': 0.2837412767866216, 'scale_pos_weight': 0.07449500772702626}. Best is trial 56 with value: 1.0812544122127712.
optuna.study.study - INFO - Trial 98 finished with value: 1.0943250202189903 and parameters: {'learning_rate': 0.015918511325126172, 'max_depth': 4, 'n_estimators': 147, 'min_child_samples': 24, 'min_child_weight': 0.008771715805945199, 'subsample': 0.7061516469342297, 'colsample_bytree': 0.8772984037629818, 'reg_alpha': 0.2791526255823722, 'reg_lambda': 0.028033822198602353, 'max_bin': 100, 'num_leaves': 13, 'min_split_gain': 0.07976363414560966, 'subsample_freq': 9, 'max_delta_step': 0.10125684989232966, 'scale_pos_weight': 0.006597599670256179}. Best is trial 56 with value: 1.0812544122127712.
optuna.study.study - INFO - Trial 96 finished with value: 1.0888825836088356 and parameters: {'learning_rate': 0.015888692027035314, 'max_depth': 4, 'n_estimators': 134, 'min_child_samples': 24, 'min_child_weight': 0.007469594038220258, 'subsample': 0.9387497505575757, 'colsample_bytree': 0.8566644084472784, 'reg_alpha': 0.3012538094938053, 'reg_lambda': 0.028853634580375626, 'max_bin': 98, 'num_leaves': 13, 'min_split_gain': 0.08069204192441375, 'subsample_freq': 9, 'max_delta_step': 0.281749408247665, 'scale_pos_weight': 0.045859906706453846}. Best is trial 56 with value: 1.0812544122127712.
optuna.study.study - INFO - Trial 97 finished with value: 1.0882711155251064 and parameters: {'learning_rate': 0.016168942685892078, 'max_depth': 4, 'n_estimators': 135, 'min_child_samples': 24, 'min_child_weight': 0.0011745106054862078, 'subsample': 0.9333178267291602, 'colsample_bytree': 0.8553580138466268, 'reg_alpha': 0.29841442666182055, 'reg_lambda': 0.19194653288514377, 'max_bin': 104, 'num_leaves': 13, 'min_split_gain': 0.08079063967105343, 'subsample_freq': 9, 'max_delta_step': 0.27512195711238274, 'scale_pos_weight': 0.07318127715790965}. Best is trial 56 with value: 1.0812544122127712.
optuna.study.study - INFO - Trial 99 finished with value: 1.083368921627227 and parameters: {'learning_rate': 0.016361031595954565, 'max_depth': 4, 'n_estimators': 198, 'min_child_samples': 27, 'min_child_weight': 0.009306659061565411, 'subsample': 0.9416176899783016, 'colsample_bytree': 0.8546658560353633, 'reg_alpha': 0.2731407991973008, 'reg_lambda': 0.02603775805755101, 'max_bin': 100, 'num_leaves': 13, 'min_split_gain': 0.08022221369088199, 'subsample_freq': 9, 'max_delta_step': 0.10586769726544996, 'scale_pos_weight': 0.006679601951081682}. Best is trial 56 with value: 1.0812544122127712.
