root - WARNING - Start of the File
root - WARNING - Number of features: 960
root - WARNING - Number of observations Train: 798
root - WARNING - Number of observations Test: 226
optuna.storages._in_memory - INFO - A new study created in memory with name: no-name-2ca3029c-1bec-49df-9675-0e5b65cf6ac7
optuna.study.study - INFO - Trial 19 finished with value: 1.1148060431737423 and parameters: {'learning_rate': 0.0037693178515277384, 'max_depth': 1, 'n_estimators': 11, 'min_child_samples': 5, 'min_child_weight': 0.024815899761339466, 'subsample': 0.6836572616981644, 'colsample_bytree': 0.9223683121051607, 'reg_alpha': 0.14984495796877134, 'reg_lambda': 0.4796181374386129, 'max_bin': 304, 'num_leaves': 14, 'min_split_gain': 0.06523745984635634, 'subsample_freq': 5, 'max_delta_step': 0.9042588093519258, 'scale_pos_weight': 0.001076079212278759}. Best is trial 19 with value: 1.1148060431737423.
optuna.study.study - INFO - Trial 8 finished with value: 1.1103947925340618 and parameters: {'learning_rate': 0.01466745875469129, 'max_depth': 4, 'n_estimators': 13, 'min_child_samples': 28, 'min_child_weight': 0.03639007471229782, 'subsample': 0.5218828747615507, 'colsample_bytree': 0.8906506209795779, 'reg_alpha': 0.12216220626586896, 'reg_lambda': 0.03522673814409323, 'max_bin': 262, 'num_leaves': 6, 'min_split_gain': 0.08504435559386347, 'subsample_freq': 7, 'max_delta_step': 0.5300485044963633, 'scale_pos_weight': 0.008471183004240934}. Best is trial 8 with value: 1.1103947925340618.
optuna.study.study - INFO - Trial 7 finished with value: 1.1087646903113528 and parameters: {'learning_rate': 0.0028778297645625558, 'max_depth': 1, 'n_estimators': 54, 'min_child_samples': 6, 'min_child_weight': 0.02524419054405678, 'subsample': 0.9983494245688211, 'colsample_bytree': 0.7601676674282056, 'reg_alpha': 0.2140793274439933, 'reg_lambda': 0.021469125784304, 'max_bin': 311, 'num_leaves': 13, 'min_split_gain': 0.07797403422799527, 'subsample_freq': 6, 'max_delta_step': 0.6698657088453657, 'scale_pos_weight': 0.03512175664642684}. Best is trial 7 with value: 1.1087646903113528.
optuna.study.study - INFO - Trial 1 finished with value: 1.111085226678822 and parameters: {'learning_rate': 0.006176279990931753, 'max_depth': 2, 'n_estimators': 26, 'min_child_samples': 13, 'min_child_weight': 0.02263834827570268, 'subsample': 0.533884840298108, 'colsample_bytree': 0.839273885909986, 'reg_alpha': 0.030494396031468616, 'reg_lambda': 0.03148856440244616, 'max_bin': 171, 'num_leaves': 10, 'min_split_gain': 0.06252786496062511, 'subsample_freq': 4, 'max_delta_step': 0.8165026510757576, 'scale_pos_weight': 0.0016106471999822322}. Best is trial 7 with value: 1.1087646903113528.
optuna.study.study - INFO - Trial 12 finished with value: 1.1098448897851942 and parameters: {'learning_rate': 0.0034217246741773703, 'max_depth': 1, 'n_estimators': 59, 'min_child_samples': 19, 'min_child_weight': 0.050988495892290334, 'subsample': 0.5270756346669057, 'colsample_bytree': 0.9273894887381291, 'reg_alpha': 0.19193528542041352, 'reg_lambda': 0.02994922993666736, 'max_bin': 454, 'num_leaves': 8, 'min_split_gain': 0.06958397369562999, 'subsample_freq': 8, 'max_delta_step': 0.7186672387951046, 'scale_pos_weight': 0.003104556193685921}. Best is trial 7 with value: 1.1087646903113528.
optuna.study.study - INFO - Trial 5 finished with value: 1.1140935826491754 and parameters: {'learning_rate': 0.00398231385342895, 'max_depth': 6, 'n_estimators': 17, 'min_child_samples': 22, 'min_child_weight': 0.014773073983117136, 'subsample': 0.5010002644430658, 'colsample_bytree': 0.7180418429792148, 'reg_alpha': 0.1343915505958414, 'reg_lambda': 0.21398041480140706, 'max_bin': 165, 'num_leaves': 8, 'min_split_gain': 0.07107743526268731, 'subsample_freq': 6, 'max_delta_step': 0.3341524005593103, 'scale_pos_weight': 0.0547882226148927}. Best is trial 7 with value: 1.1087646903113528.
optuna.study.study - INFO - Trial 21 finished with value: 1.112759365214501 and parameters: {'learning_rate': 0.006546103841652796, 'max_depth': 4, 'n_estimators': 10, 'min_child_samples': 14, 'min_child_weight': 0.009362966652997864, 'subsample': 0.6749663663682388, 'colsample_bytree': 0.9069166866208693, 'reg_alpha': 0.061873679348349364, 'reg_lambda': 0.04433847630335463, 'max_bin': 124, 'num_leaves': 5, 'min_split_gain': 0.05389834147674123, 'subsample_freq': 10, 'max_delta_step': 0.42510937996106335, 'scale_pos_weight': 0.0016608708212009285}. Best is trial 7 with value: 1.1087646903113528.
optuna.study.study - INFO - Trial 14 finished with value: 1.0939199391878984 and parameters: {'learning_rate': 0.047052549575034915, 'max_depth': 4, 'n_estimators': 26, 'min_child_samples': 19, 'min_child_weight': 0.01712413319310691, 'subsample': 0.8263819482220377, 'colsample_bytree': 0.9724724650246822, 'reg_alpha': 0.07889388734055928, 'reg_lambda': 0.11443096415739144, 'max_bin': 91, 'num_leaves': 6, 'min_split_gain': 0.057794428989734276, 'subsample_freq': 2, 'max_delta_step': 0.7089157107163894, 'scale_pos_weight': 0.002891439759532756}. Best is trial 14 with value: 1.0939199391878984.
optuna.study.study - INFO - Trial 18 finished with value: 1.1143378086667663 and parameters: {'learning_rate': 0.0025234956389438264, 'max_depth': 5, 'n_estimators': 17, 'min_child_samples': 23, 'min_child_weight': 0.0024933807811252273, 'subsample': 0.5544938126707677, 'colsample_bytree': 0.7268996436848797, 'reg_alpha': 0.042830415044971024, 'reg_lambda': 0.1847017142118934, 'max_bin': 277, 'num_leaves': 13, 'min_split_gain': 0.07547122564714326, 'subsample_freq': 9, 'max_delta_step': 0.41965443645734546, 'scale_pos_weight': 0.0658069316087178}. Best is trial 14 with value: 1.0939199391878984.
optuna.study.study - INFO - Trial 6 finished with value: 1.1131133716944057 and parameters: {'learning_rate': 0.002224766332715495, 'max_depth': 4, 'n_estimators': 28, 'min_child_samples': 20, 'min_child_weight': 0.03124535761959966, 'subsample': 0.5237540459554886, 'colsample_bytree': 0.7219420137665642, 'reg_alpha': 0.29278265009542753, 'reg_lambda': 0.16548160951490895, 'max_bin': 104, 'num_leaves': 13, 'min_split_gain': 0.08229954148125247, 'subsample_freq': 9, 'max_delta_step': 0.8182507562102012, 'scale_pos_weight': 0.05525881530057957}. Best is trial 14 with value: 1.0939199391878984.
optuna.study.study - INFO - Trial 26 finished with value: 1.0969258274319194 and parameters: {'learning_rate': 0.08384928558904464, 'max_depth': 2, 'n_estimators': 13, 'min_child_samples': 8, 'min_child_weight': 0.007367364904517045, 'subsample': 0.9280587852018837, 'colsample_bytree': 0.7005025040171088, 'reg_alpha': 0.05439462562242214, 'reg_lambda': 0.3144435495832421, 'max_bin': 312, 'num_leaves': 14, 'min_split_gain': 0.07168802696445503, 'subsample_freq': 9, 'max_delta_step': 0.8015455139338059, 'scale_pos_weight': 0.04123119423553609}. Best is trial 14 with value: 1.0939199391878984.
optuna.study.study - INFO - Trial 23 finished with value: 1.112887266003245 and parameters: {'learning_rate': 0.004866333374471852, 'max_depth': 3, 'n_estimators': 16, 'min_child_samples': 8, 'min_child_weight': 0.0015185508039081317, 'subsample': 0.7723094165881813, 'colsample_bytree': 0.8278219880973601, 'reg_alpha': 0.6782319480252338, 'reg_lambda': 0.3716538891587004, 'max_bin': 343, 'num_leaves': 12, 'min_split_gain': 0.06951601953454806, 'subsample_freq': 8, 'max_delta_step': 0.3161715583212201, 'scale_pos_weight': 0.00927581489343834}. Best is trial 14 with value: 1.0939199391878984.
optuna.study.study - INFO - Trial 11 finished with value: 1.1067503668876806 and parameters: {'learning_rate': 0.0035481312683504117, 'max_depth': 1, 'n_estimators': 121, 'min_child_samples': 11, 'min_child_weight': 0.017967339523876063, 'subsample': 0.6412786680178506, 'colsample_bytree': 0.8631943316240337, 'reg_alpha': 0.6515303906336923, 'reg_lambda': 0.025271421816283394, 'max_bin': 510, 'num_leaves': 5, 'min_split_gain': 0.07081598843766151, 'subsample_freq': 3, 'max_delta_step': 0.14244376540082493, 'scale_pos_weight': 0.007635067760985083}. Best is trial 14 with value: 1.0939199391878984.
optuna.study.study - INFO - Trial 10 finished with value: 1.1016375203976514 and parameters: {'learning_rate': 0.01711923157355157, 'max_depth': 2, 'n_estimators': 78, 'min_child_samples': 13, 'min_child_weight': 0.015220476768800856, 'subsample': 0.8673880730251506, 'colsample_bytree': 0.5082672356570639, 'reg_alpha': 0.022062265163439284, 'reg_lambda': 0.4342345458490084, 'max_bin': 362, 'num_leaves': 10, 'min_split_gain': 0.05344998286138823, 'subsample_freq': 5, 'max_delta_step': 0.07307537523081642, 'scale_pos_weight': 0.008072935299184843}. Best is trial 14 with value: 1.0939199391878984.
optuna.study.study - INFO - Trial 9 finished with value: 1.0952304383751368 and parameters: {'learning_rate': 0.010093057580715973, 'max_depth': 2, 'n_estimators': 81, 'min_child_samples': 12, 'min_child_weight': 0.041590616908791705, 'subsample': 0.88431491234572, 'colsample_bytree': 0.9695623521288133, 'reg_alpha': 0.08848967760083676, 'reg_lambda': 0.25502313720130404, 'max_bin': 312, 'num_leaves': 7, 'min_split_gain': 0.0870105347378452, 'subsample_freq': 8, 'max_delta_step': 0.9135780360341034, 'scale_pos_weight': 0.022880065371605657}. Best is trial 14 with value: 1.0939199391878984.
optuna.study.study - INFO - Trial 22 finished with value: 1.1001217281819053 and parameters: {'learning_rate': 0.009673735944809627, 'max_depth': 2, 'n_estimators': 56, 'min_child_samples': 24, 'min_child_weight': 0.0016938947508219318, 'subsample': 0.8567721704491512, 'colsample_bytree': 0.681292767260554, 'reg_alpha': 0.16252824273839436, 'reg_lambda': 0.1676370313161451, 'max_bin': 506, 'num_leaves': 5, 'min_split_gain': 0.05445160295680542, 'subsample_freq': 4, 'max_delta_step': 0.19368277511226306, 'scale_pos_weight': 0.04063456385148139}. Best is trial 14 with value: 1.0939199391878984.
optuna.study.study - INFO - Trial 13 finished with value: 1.1150143974823616 and parameters: {'learning_rate': 0.0019460735803555848, 'max_depth': 2, 'n_estimators': 88, 'min_child_samples': 12, 'min_child_weight': 0.05891118160757009, 'subsample': 0.8612304328854776, 'colsample_bytree': 0.7407343342015352, 'reg_alpha': 0.1665869168180871, 'reg_lambda': 0.7702113588541556, 'max_bin': 207, 'num_leaves': 15, 'min_split_gain': 0.05054347604471545, 'subsample_freq': 7, 'max_delta_step': 0.03311654110082207, 'scale_pos_weight': 0.013910880651328944}. Best is trial 14 with value: 1.0939199391878984.
optuna.study.study - INFO - Trial 15 finished with value: 1.116787764565008 and parameters: {'learning_rate': 0.06377901228077931, 'max_depth': 3, 'n_estimators': 84, 'min_child_samples': 27, 'min_child_weight': 0.0018807213966773354, 'subsample': 0.6674613260690424, 'colsample_bytree': 0.7230394741096002, 'reg_alpha': 0.020817133781128868, 'reg_lambda': 0.08341031382876143, 'max_bin': 372, 'num_leaves': 11, 'min_split_gain': 0.062039667043911395, 'subsample_freq': 3, 'max_delta_step': 0.7324494669898791, 'scale_pos_weight': 0.001618543190421045}. Best is trial 14 with value: 1.0939199391878984.
optuna.study.study - INFO - Trial 27 finished with value: 1.1137049323889496 and parameters: {'learning_rate': 0.060959643390956955, 'max_depth': 2, 'n_estimators': 86, 'min_child_samples': 14, 'min_child_weight': 0.02352892380396439, 'subsample': 0.6321804059543028, 'colsample_bytree': 0.5335807994899406, 'reg_alpha': 0.07254058766233237, 'reg_lambda': 0.02662869034141133, 'max_bin': 231, 'num_leaves': 14, 'min_split_gain': 0.06723238645524425, 'subsample_freq': 6, 'max_delta_step': 0.9603842291861019, 'scale_pos_weight': 0.0014441618755325033}. Best is trial 14 with value: 1.0939199391878984.
optuna.study.study - INFO - Trial 25 finished with value: 1.0921415935916623 and parameters: {'learning_rate': 0.015240429574535164, 'max_depth': 2, 'n_estimators': 88, 'min_child_samples': 6, 'min_child_weight': 0.07069797135097233, 'subsample': 0.923334106661376, 'colsample_bytree': 0.7383220952396594, 'reg_alpha': 0.02604925702088306, 'reg_lambda': 0.46847829940322167, 'max_bin': 231, 'num_leaves': 10, 'min_split_gain': 0.08297965697181801, 'subsample_freq': 4, 'max_delta_step': 0.8663994528730116, 'scale_pos_weight': 0.0010031690733391283}. Best is trial 25 with value: 1.0921415935916623.
optuna.study.study - INFO - Trial 32 finished with value: 1.092667117294085 and parameters: {'learning_rate': 0.08015544559917438, 'max_depth': 3, 'n_estimators': 32, 'min_child_samples': 27, 'min_child_weight': 0.006112239779398662, 'subsample': 0.8853814198726254, 'colsample_bytree': 0.5891961525345804, 'reg_alpha': 0.06668446228850808, 'reg_lambda': 0.06596610402289198, 'max_bin': 24, 'num_leaves': 15, 'min_split_gain': 0.09643697887841991, 'subsample_freq': 1, 'max_delta_step': 0.5939707893621076, 'scale_pos_weight': 0.022798944669380802}. Best is trial 25 with value: 1.0921415935916623.
optuna.study.study - INFO - Trial 33 finished with value: 1.0902232817623148 and parameters: {'learning_rate': 0.07981685794564175, 'max_depth': 3, 'n_estimators': 32, 'min_child_samples': 25, 'min_child_weight': 0.0053519412964872564, 'subsample': 0.9062199781920592, 'colsample_bytree': 0.9943231432519473, 'reg_alpha': 0.07770007886612673, 'reg_lambda': 0.07972729598163157, 'max_bin': 44, 'num_leaves': 7, 'min_split_gain': 0.09536847390942584, 'subsample_freq': 1, 'max_delta_step': 0.608533602271429, 'scale_pos_weight': 0.02579984370421255}. Best is trial 33 with value: 1.0902232817623148.
optuna.study.study - INFO - Trial 28 finished with value: 1.1108110586634254 and parameters: {'learning_rate': 0.00500349204613926, 'max_depth': 6, 'n_estimators': 26, 'min_child_samples': 13, 'min_child_weight': 0.016004952677742417, 'subsample': 0.5992736312436258, 'colsample_bytree': 0.5430891202542103, 'reg_alpha': 0.21978972248986028, 'reg_lambda': 0.27404527056128963, 'max_bin': 470, 'num_leaves': 14, 'min_split_gain': 0.08303956511019622, 'subsample_freq': 8, 'max_delta_step': 0.726053284671725, 'scale_pos_weight': 0.00632317405523621}. Best is trial 33 with value: 1.0902232817623148.
optuna.study.study - INFO - Trial 16 finished with value: 1.108524366126018 and parameters: {'learning_rate': 0.0031434699317318664, 'max_depth': 4, 'n_estimators': 65, 'min_child_samples': 13, 'min_child_weight': 0.008210768419623201, 'subsample': 0.5676107472280421, 'colsample_bytree': 0.5806863342334421, 'reg_alpha': 0.18235712722456915, 'reg_lambda': 0.5506962919094348, 'max_bin': 246, 'num_leaves': 10, 'min_split_gain': 0.05793631725585245, 'subsample_freq': 8, 'max_delta_step': 0.7060507299634029, 'scale_pos_weight': 0.016265415102261222}. Best is trial 33 with value: 1.0902232817623148.
optuna.study.study - INFO - Trial 20 finished with value: 1.1031744108377763 and parameters: {'learning_rate': 0.00432373275999486, 'max_depth': 6, 'n_estimators': 64, 'min_child_samples': 29, 'min_child_weight': 0.07057495609493751, 'subsample': 0.7011411572450752, 'colsample_bytree': 0.6174793768317981, 'reg_alpha': 0.6924442104702859, 'reg_lambda': 0.0735565370372539, 'max_bin': 281, 'num_leaves': 9, 'min_split_gain': 0.0798528158805894, 'subsample_freq': 7, 'max_delta_step': 0.9312572046871669, 'scale_pos_weight': 0.0015199761330571514}. Best is trial 33 with value: 1.0902232817623148.
optuna.study.study - INFO - Trial 3 finished with value: 1.0883450717305023 and parameters: {'learning_rate': 0.015385106738344385, 'max_depth': 3, 'n_estimators': 105, 'min_child_samples': 16, 'min_child_weight': 0.026361083809427796, 'subsample': 0.6590744490789653, 'colsample_bytree': 0.5740614596900453, 'reg_alpha': 0.05425423007341097, 'reg_lambda': 0.02024302276154725, 'max_bin': 173, 'num_leaves': 12, 'min_split_gain': 0.08191808626610966, 'subsample_freq': 6, 'max_delta_step': 0.2377308669547179, 'scale_pos_weight': 0.06434391698436306}. Best is trial 3 with value: 1.0883450717305023.
optuna.study.study - INFO - Trial 31 finished with value: 1.1121316344993177 and parameters: {'learning_rate': 0.08045848667081539, 'max_depth': 3, 'n_estimators': 140, 'min_child_samples': 13, 'min_child_weight': 0.0061677063048555456, 'subsample': 0.9115075825320628, 'colsample_bytree': 0.5461084314176774, 'reg_alpha': 0.06786849257844178, 'reg_lambda': 0.08695275390901067, 'max_bin': 41, 'num_leaves': 10, 'min_split_gain': 0.09998042124419555, 'subsample_freq': 1, 'max_delta_step': 0.0017455139611691761, 'scale_pos_weight': 0.019504561907540508}. Best is trial 3 with value: 1.0883450717305023.
optuna.study.study - INFO - Trial 43 finished with value: 1.0967803619532583 and parameters: {'learning_rate': 0.032906580705636845, 'max_depth': 3, 'n_estimators': 41, 'min_child_samples': 30, 'min_child_weight': 0.004431442524218633, 'subsample': 0.9618734236518598, 'colsample_bytree': 0.6339720933480171, 'reg_alpha': 0.04132231076951095, 'reg_lambda': 0.07438323013568376, 'max_bin': 24, 'num_leaves': 9, 'min_split_gain': 0.09876220190061512, 'subsample_freq': 1, 'max_delta_step': 0.5757022257104863, 'scale_pos_weight': 0.020106659120576187}. Best is trial 3 with value: 1.0883450717305023.
optuna.study.study - INFO - Trial 0 finished with value: 1.0864265894818526 and parameters: {'learning_rate': 0.0174134673774379, 'max_depth': 3, 'n_estimators': 165, 'min_child_samples': 25, 'min_child_weight': 0.009841621370721235, 'subsample': 0.9254676870816793, 'colsample_bytree': 0.5027514597414526, 'reg_alpha': 0.7631111099746801, 'reg_lambda': 0.3560520019215681, 'max_bin': 122, 'num_leaves': 8, 'min_split_gain': 0.05205769930646636, 'subsample_freq': 10, 'max_delta_step': 0.49614575231325475, 'scale_pos_weight': 0.06388965437665241}. Best is trial 0 with value: 1.0864265894818526.
optuna.study.study - INFO - Trial 24 finished with value: 1.1028809842275624 and parameters: {'learning_rate': 0.026440614205602158, 'max_depth': 3, 'n_estimators': 159, 'min_child_samples': 10, 'min_child_weight': 0.07340151770788816, 'subsample': 0.653464167096063, 'colsample_bytree': 0.9831159113624357, 'reg_alpha': 0.20555168660426307, 'reg_lambda': 0.45033818981489315, 'max_bin': 283, 'num_leaves': 7, 'min_split_gain': 0.07027581337307376, 'subsample_freq': 2, 'max_delta_step': 0.8970136268225418, 'scale_pos_weight': 0.0020441121344545493}. Best is trial 0 with value: 1.0864265894818526.
optuna.study.study - INFO - Trial 17 finished with value: 1.0949490413885816 and parameters: {'learning_rate': 0.013328240014630448, 'max_depth': 5, 'n_estimators': 92, 'min_child_samples': 7, 'min_child_weight': 0.013429277416709018, 'subsample': 0.5464672776890136, 'colsample_bytree': 0.9422989727661399, 'reg_alpha': 0.03095990621201694, 'reg_lambda': 0.23801959880403825, 'max_bin': 31, 'num_leaves': 15, 'min_split_gain': 0.09332490736183342, 'subsample_freq': 3, 'max_delta_step': 0.31160518227717204, 'scale_pos_weight': 0.03440255156850159}. Best is trial 0 with value: 1.0864265894818526.
optuna.study.study - INFO - Trial 30 finished with value: 1.0873935898860654 and parameters: {'learning_rate': 0.07670444618383541, 'max_depth': 3, 'n_estimators': 153, 'min_child_samples': 12, 'min_child_weight': 0.005481541919063296, 'subsample': 0.9121131411884681, 'colsample_bytree': 0.5637673575795108, 'reg_alpha': 0.7685377741134929, 'reg_lambda': 0.08270288108905711, 'max_bin': 16, 'num_leaves': 11, 'min_split_gain': 0.05057151916645106, 'subsample_freq': 1, 'max_delta_step': 0.08530656611696141, 'scale_pos_weight': 0.014815197299851169}. Best is trial 0 with value: 1.0864265894818526.
optuna.study.study - INFO - Trial 29 finished with value: 1.0910091086478833 and parameters: {'learning_rate': 0.07737648796892989, 'max_depth': 3, 'n_estimators': 157, 'min_child_samples': 12, 'min_child_weight': 0.005309342315201305, 'subsample': 0.8993601610183496, 'colsample_bytree': 0.585941703991537, 'reg_alpha': 0.6272291810736303, 'reg_lambda': 0.49596656133587386, 'max_bin': 28, 'num_leaves': 11, 'min_split_gain': 0.05107817510116663, 'subsample_freq': 1, 'max_delta_step': 0.08565748656605698, 'scale_pos_weight': 0.016771444154265208}. Best is trial 0 with value: 1.0864265894818526.
optuna.study.study - INFO - Trial 34 finished with value: 1.1343694326621105 and parameters: {'learning_rate': 0.04229389531491457, 'max_depth': 3, 'n_estimators': 176, 'min_child_samples': 16, 'min_child_weight': 0.09120233284563882, 'subsample': 0.8108362622997478, 'colsample_bytree': 0.9945561630342563, 'reg_alpha': 0.08450889508603339, 'reg_lambda': 0.08026262704680194, 'max_bin': 57, 'num_leaves': 7, 'min_split_gain': 0.09969829825761845, 'subsample_freq': 1, 'max_delta_step': 0.9480126049669513, 'scale_pos_weight': 0.021286600985949415}. Best is trial 0 with value: 1.0864265894818526.
optuna.study.study - INFO - Trial 42 finished with value: 1.1099316634170107 and parameters: {'learning_rate': 0.032984310096128254, 'max_depth': 3, 'n_estimators': 178, 'min_child_samples': 30, 'min_child_weight': 0.004646522915245446, 'subsample': 0.9591651014475282, 'colsample_bytree': 0.6306931462542484, 'reg_alpha': 0.04146298263965456, 'reg_lambda': 0.06437671408749018, 'max_bin': 33, 'num_leaves': 9, 'min_split_gain': 0.09890334105460342, 'subsample_freq': 1, 'max_delta_step': 0.5998735996246195, 'scale_pos_weight': 0.018926086033978728}. Best is trial 0 with value: 1.0864265894818526.
optuna.study.study - INFO - Trial 36 finished with value: 1.1312336949562434 and parameters: {'learning_rate': 0.04844155532053806, 'max_depth': 3, 'n_estimators': 239, 'min_child_samples': 16, 'min_child_weight': 0.08420695882001042, 'subsample': 0.7844942435585089, 'colsample_bytree': 0.9944044876622408, 'reg_alpha': 0.08634315979343676, 'reg_lambda': 0.05946379170347005, 'max_bin': 17, 'num_leaves': 7, 'min_split_gain': 0.09463704100707758, 'subsample_freq': 1, 'max_delta_step': 0.9937413515297172, 'scale_pos_weight': 0.0188636516806852}. Best is trial 0 with value: 1.0864265894818526.
